--2024-01-09 20:16:11--  https://asdc.larc.nasa.gov/data/DSCOVR/EPIC/L2_VESDR_02/2016/08/DSCOVR_EPIC_L2_VESDR_02_20160823152458_03.h5
Resolving asdc.larc.nasa.gov (asdc.larc.nasa.gov)... 2001:4d0:2340:4001::7e, 198.119.164.126
Connecting to asdc.larc.nasa.gov (asdc.larc.nasa.gov)|2001:4d0:2340:4001::7e|:443... failed: No route to host.
Connecting to asdc.larc.nasa.gov (asdc.larc.nasa.gov)|198.119.164.126|:443... connected.
HTTP request sent, awaiting response... 200 OK
Length: 34281937 (33M)
Saving to: 'my_output/asdc.larc.nasa.gov/data/DSCOVR/EPIC/L2_VESDR_02/2016/08/DSCOVR_EPIC_L2_VESDR_02_20160823152458_03.h5'

     0K .......... .......... .......... .......... ..........  0%  814K 41s
    50K .......... .......... .......... .......... ..........  0% 1.58M 31s
   100K .......... .......... .......... .......... ..........  0%  161M 21s
   150K .......... .......... .......... .......... ..........  0%  248M 15s
   200K .......... .......... .......... .......... ..........  0% 1.60M 16s
   250K .......... .......... .......... .......... ..........  0%  206M 14s
   300K .......... .......... .......... .......... ..........  1%  237M 12s
   350K .......... .......... .......... .......... ..........  1%  206M 10s
   400K .......... .......... .......... .......... ..........  1% 1.62M 11s
   450K .......... .......... .......... .......... ..........  1%  211M 10s
   500K .......... .......... .......... .......... ..........  1%  209M 9s
   550K .......... .......... .......... .......... ..........  1%  249M 8s
   600K .......... .......... .......... .......... ..........  1%  238M 8s
   650K .......... .......... .......... .......... ..........  2%  186M 7s
   700K .......... .......... .......... .......... ..........  2%  227M 7s
   750K .......... .......... .......... .......... ..........  2%  250M 6s
   800K .......... .......... .......... .......... ..........  2% 1.45M 7s
   850K .......... .......... .......... .......... ..........  2%  217M 7s
   900K .......... .......... .......... .......... ..........  2%  191M 6s
   950K .......... .......... .......... .......... ..........  2%  184M 6s
  1000K .......... .......... .......... .......... ..........  3%  164M 6s
  1050K .......... .......... .......... .......... ..........  3%  179M 6s
  1100K .......... .......... .......... .......... ..........  3%  174M 5s
  1150K .......... .......... .......... .......... ..........  3%  213M 5s
  1200K .......... .......... .......... .......... ..........  3%  238M 5s
  1250K .......... .......... .......... .......... ..........  3%  205M 5s
  1300K .......... .......... .......... .......... ..........  4%  231M 5s
  1350K .......... .......... .......... .......... ..........  4%  200M 4s
  1400K .......... .......... .......... .......... ..........  4%  203M 4s
  1450K .......... .......... .......... .......... ..........  4%  164M 4s
  1500K .......... .......... .......... .......... ..........  4%  225M 4s
  1550K .......... .......... .......... .......... ..........  4%  197M 4s
  1600K .......... .......... .......... .......... ..........  4%  195M 4s
  1650K .......... .......... .......... .......... ..........  5% 2.15M 4s
  1700K .......... .......... .......... .......... ..........  5%  198M 4s
  1750K .......... .......... .......... .......... ..........  5%  121M 4s
  1800K .......... .......... .......... .......... ..........  5%  165M 4s
  1850K .......... .......... .......... .......... ..........  5%  123M 4s
  1900K .......... .......... .......... .......... ..........  5%  219M 4s
  1950K .......... .......... .......... .......... ..........  5%  219M 3s
  2000K .......... .......... .......... .......... ..........  6%  219M 3s
  2050K .......... .......... .......... .......... ..........  6%  259M 3s
  2100K .......... .......... .......... .......... ..........  6%  198M 3s
  2150K .......... .......... .......... .......... ..........  6%  259M 3s
  2200K .......... .......... .......... .......... ..........  6%  249M 3s
  2250K .......... .......... .......... .......... ..........  6%  225M 3s
  2300K .......... .......... .......... .......... ..........  7%  194M 3s
  2350K .......... .......... .......... .......... ..........  7%  249M 3s
  2400K .......... .......... .......... .......... ..........  7%  244M 3s
  2450K .......... .......... .......... .......... ..........  7%  125M 3s
  2500K .......... .......... .......... .......... ..........  7%  119M 3s
  2550K .......... .......... .......... .......... ..........  7%  108M 3s
  2600K .......... .......... .......... .......... ..........  7%  201M 3s
  2650K .......... .......... .......... .......... ..........  8%  216M 3s
  2700K .......... .......... .......... .......... ..........  8%  202M 2s
  2750K .......... .......... .......... .......... ..........  8%  232M 2s
  2800K .......... .......... .......... .......... ..........  8%  171M 2s
  2850K .......... .......... .......... .......... ..........  8%  232M 2s
  2900K .......... .......... .......... .......... ..........  8%  185M 2s
  2950K .......... .......... .......... .......... ..........  8%  123M 2s
  3000K .......... .......... .......... .......... ..........  9%  105M 2s
  3050K .......... .......... .......... .......... ..........  9% 80.4M 2s
  3100K .......... .......... .......... .......... ..........  9%  128M 2s
  3150K .......... .......... .......... .......... ..........  9% 80.5M 2s
  3200K .......... .......... .......... .......... ..........  9% 46.8M 2s
  3250K .......... .......... .......... .......... ..........  9% 55.0M 2s
  3300K .......... .......... .......... .......... .......... 10% 89.3M 2s
  3350K .......... .......... .......... .......... .......... 10% 2.54M 2s
  3400K .......... .......... .......... .......... .......... 10%  132M 2s
  3450K .......... .......... .......... .......... .......... 10%  148M 2s
  3500K .......... .......... .......... .......... .......... 10%  113M 2s
  3550K .......... .......... .......... .......... .......... 10%  154M 2s
  3600K .......... .......... .......... .......... .......... 10%  199M 2s
  3650K .......... .......... .......... .......... .......... 11%  242M 2s
  3700K .......... .......... .......... .......... .......... 11%  204M 2s
  3750K .......... .......... .......... .......... .......... 11%  254M 2s
  3800K .......... .......... .......... .......... .......... 11%  259M 2s
  3850K .......... .......... .......... .......... .......... 11%  254M 2s
  3900K .......... .......... .......... .......... .......... 11%  198M 2s
  3950K .......... .......... .......... .......... .......... 11%  236M 2s
  4000K .......... .......... .......... .......... .......... 12%  242M 2s
  4050K .......... .......... .......... .......... .......... 12%  230M 2s
  4100K .......... .......... .......... .......... .......... 12%  201M 2s
  4150K .......... .......... .......... .......... .......... 12%  111M 2s
  4200K .......... .......... .......... .......... .......... 12%  164M 2s
  4250K .......... .......... .......... .......... .......... 12%  190M 2s
  4300K .......... .......... .......... .......... .......... 12%  206M 2s
  4350K .......... .......... .......... .......... .......... 13% 82.9M 2s
  4400K .......... .......... .......... .......... .......... 13%  111M 2s
  4450K .......... .......... .......... .......... .......... 13%  157M 2s
  4500K .......... .......... .......... .......... .......... 13%  120M 2s
  4550K .......... .......... .......... .......... .......... 13%  121M 2s
  4600K .......... .......... .......... .......... .......... 13%  130M 2s
  4650K .......... .......... .......... .......... .......... 14% 90.2M 2s
  4700K .......... .......... .......... .......... .......... 14% 82.4M 2s
  4750K .......... .......... .......... .......... .......... 14%  106M 2s
  4800K .......... .......... .......... .......... .......... 14%  188M 2s
  4850K .......... .......... .......... .......... .......... 14%  184M 1s
  4900K .......... .......... .......... .......... .......... 14%  205M 1s
  4950K .......... .......... .......... .......... .......... 14%  154M 1s
  5000K .......... .......... .......... .......... .......... 15%  192M 1s
  5050K .......... .......... .......... .......... .......... 15%  142M 1s
  5100K .......... .......... .......... .......... .......... 15%  153M 1s
  5150K .......... .......... .......... .......... .......... 15%  167M 1s
  5200K .......... .......... .......... .......... .......... 15%  156M 1s
  5250K .......... .......... .......... .......... .......... 15%  166M 1s
  5300K .......... .......... .......... .......... .......... 15%  153M 1s
  5350K .......... .......... .......... .......... .......... 16%  182M 1s
  5400K .......... .......... .......... .......... .......... 16%  177M 1s
  5450K .......... .......... .......... .......... .......... 16%  200M 1s
  5500K .......... .......... .......... .......... .......... 16%  180M 1s
  5550K .......... .......... .......... .......... .......... 16%  202M 1s
  5600K .......... .......... .......... .......... .......... 16%  199M 1s
  5650K .......... .......... .......... .......... .......... 17%  223M 1s
  5700K .......... .......... .......... .......... .......... 17%  264M 1s
  5750K .......... .......... .......... .......... .......... 17%  195M 1s
  5800K .......... .......... .......... .......... .......... 17%  257M 1s
  5850K .......... .......... .......... .......... .......... 17%  257M 1s
  5900K .......... .......... .......... .......... .......... 17% 3.07M 1s
  5950K .......... .......... .......... .......... .......... 17%  117M 1s
  6000K .......... .......... .......... .......... .......... 18%  224M 1s
  6050K .......... .......... .......... .......... .......... 18%  155M 1s
  6100K .......... .......... .......... .......... .......... 18%  235M 1s
  6150K .......... .......... .......... .......... .......... 18%  148M 1s
  6200K .......... .......... .......... .......... .......... 18%  146M 1s
  6250K .......... .......... .......... .......... .......... 18%  253M 1s
  6300K .......... .......... .......... .......... .......... 18%  269M 1s
  6350K .......... .......... .......... .......... .......... 19%  209M 1s
  6400K .......... .......... .......... .......... .......... 19%  233M 1s
  6450K .......... .......... .......... .......... .......... 19%  242M 1s
  6500K .......... .......... .......... .......... .......... 19%  258M 1s
  6550K .......... .......... .......... .......... .......... 19%  188M 1s
  6600K .......... .......... .......... .......... .......... 19%  259M 1s
  6650K .......... .......... .......... .......... .......... 20%  160M 1s
  6700K .......... .......... .......... .......... .......... 20%  111M 1s
  6750K .......... .......... .......... .......... .......... 20%  195M 1s
  6800K .......... .......... .......... .......... .......... 20%  258M 1s
  6850K .......... .......... .......... .......... .......... 20%  228M 1s
  6900K .......... .......... .......... .......... .......... 20%  126M 1s
  6950K .......... .......... .......... .......... .......... 20%  148M 1s
  7000K .......... .......... .......... .......... .......... 21%  201M 1s
  7050K .......... .......... .......... .......... .......... 21%  156M 1s
  7100K .......... .......... .......... .......... .......... 21%  183M 1s
  7150K .......... .......... .......... .......... .......... 21%  233M 1s
  7200K .......... .......... .......... .......... .......... 21%  214M 1s
  7250K .......... .......... .......... .......... .......... 21%  228M 1s
  7300K .......... .......... .......... .......... .......... 21%  148M 1s
  7350K .......... .......... .......... .......... .......... 22%  157M 1s
  7400K .......... .......... .......... .......... .......... 22%  179M 1s
  7450K .......... .......... .......... .......... .......... 22%  133M 1s
  7500K .......... .......... .......... .......... .......... 22% 95.5M 1s
  7550K .......... .......... .......... .......... .......... 22%  110M 1s
  7600K .......... .......... .......... .......... .......... 22% 74.9M 1s
  7650K .......... .......... .......... .......... .......... 22%  154M 1s
  7700K .......... .......... .......... .......... .......... 23%  164M 1s
  7750K .......... .......... .......... .......... .......... 23%  230M 1s
  7800K .......... .......... .......... .......... .......... 23%  200M 1s
  7850K .......... .......... .......... .......... .......... 23%  174M 1s
  7900K .......... .......... .......... .......... .......... 23%  179M 1s
  7950K .......... .......... .......... .......... .......... 23% 2.45M 1s
  8000K .......... .......... .......... .......... .......... 24% 87.4M 1s
  8050K .......... .......... .......... .......... .......... 24%  141M 1s
  8100K .......... .......... .......... .......... .......... 24%  177M 1s
  8150K .......... .......... .......... .......... .......... 24%  199M 1s
  8200K .......... .......... .......... .......... .......... 24%  265M 1s
  8250K .......... .......... .......... .......... .......... 24%  195M 1s
  8300K .......... .......... .......... .......... .......... 24%  237M 1s
  8350K .......... .......... .......... .......... .......... 25%  215M 1s
  8400K .......... .......... .......... .......... .......... 25%  253M 1s
  8450K .......... .......... .......... .......... .......... 25%  201M 1s
  8500K .......... .......... .......... .......... .......... 25%  140M 1s
  8550K .......... .......... .......... .......... .......... 25%  149M 1s
  8600K .......... .......... .......... .......... .......... 25%  176M 1s
  8650K .......... .......... .......... .......... .......... 25%  213M 1s
  8700K .......... .......... .......... .......... .......... 26%  187M 1s
  8750K .......... .......... .......... .......... .......... 26%  219M 1s
  8800K .......... .......... .......... .......... .......... 26%  184M 1s
  8850K .......... .......... .......... .......... .......... 26%  150M 1s
  8900K .......... .......... .......... .......... .......... 26%  166M 1s
  8950K .......... .......... .......... .......... .......... 26%  239M 1s
  9000K .......... .......... .......... .......... .......... 27%  202M 1s
  9050K .......... .......... .......... .......... .......... 27%  201M 1s
  9100K .......... .......... .......... .......... .......... 27%  231M 1s
  9150K .......... .......... .......... .......... .......... 27%  197M 1s
  9200K .......... .......... .......... .......... .......... 27%  200M 1s
  9250K .......... .......... .......... .......... .......... 27%  153M 1s
  9300K .......... .......... .......... .......... .......... 27%  186M 1s
  9350K .......... .......... .......... .......... .......... 28%  175M 1s
  9400K .......... .......... .......... .......... .......... 28%  194M 1s
  9450K .......... .......... .......... .......... .......... 28%  177M 1s
  9500K .......... .......... .......... .......... .......... 28%  157M 1s
  9550K .......... .......... .......... .......... .......... 28%  185M 1s
  9600K .......... .......... .......... .......... .......... 28%  126M 1s
  9650K .......... .......... .......... .......... .......... 28% 54.3M 1s
  9700K .......... .......... .......... .......... .......... 29% 52.6M 1s
  9750K .......... .......... .......... .......... .......... 29% 73.3M 1s
  9800K .......... .......... .......... .......... .......... 29% 86.4M 1s
  9850K .......... .......... .......... .......... .......... 29% 62.0M 1s
  9900K .......... .......... .......... .......... .......... 29% 73.1M 1s
  9950K .......... .......... .......... .......... .......... 29% 61.4M 1s
 10000K .......... .......... .......... .......... .......... 30%  219M 1s
 10050K .......... .......... .......... .......... .......... 30%  206M 1s
 10100K .......... .......... .......... .......... .......... 30%  189M 1s
 10150K .......... .......... .......... .......... .......... 30%  139M 1s
 10200K .......... .......... .......... .......... .......... 30%  143M 1s
 10250K .......... .......... .......... .......... .......... 30%  183M 1s
 10300K .......... .......... .......... .......... .......... 30%  194M 1s
 10350K .......... .......... .......... .......... .......... 31%  226M 1s
 10400K .......... .......... .......... .......... .......... 31% 3.27M 1s
 10450K .......... .......... .......... .......... .......... 31% 82.7M 1s
 10500K .......... .......... .......... .......... .......... 31%  139M 1s
 10550K .......... .......... .......... .......... .......... 31%  248M 1s
 10600K .......... .......... .......... .......... .......... 31%  201M 1s
 10650K .......... .......... .......... .......... .......... 31%  210M 1s
 10700K .......... .......... .......... .......... .......... 32%  248M 1s
 10750K .......... .......... .......... .......... .......... 32%  251M 1s
 10800K .......... .......... .......... .......... .......... 32%  119M 1s
 10850K .......... .......... .......... .......... .......... 32%  181M 1s
 10900K .......... .......... .......... .......... .......... 32%  123M 1s
 10950K .......... .......... .......... .......... .......... 32%  238M 1s
 11000K .......... .......... .......... .......... .......... 33%  146M 1s
 11050K .......... .......... .......... .......... .......... 33%  199M 1s
 11100K .......... .......... .......... .......... .......... 33%  185M 1s
 11150K .......... .......... .......... .......... .......... 33%  133M 1s
 11200K .......... .......... .......... .......... .......... 33%  217M 1s
 11250K .......... .......... .......... .......... .......... 33%  189M 1s
 11300K .......... .......... .......... .......... .......... 33%  230M 1s
 11350K .......... .......... .......... .......... .......... 34%  210M 1s
 11400K .......... .......... .......... .......... .......... 34%  247M 1s
 11450K .......... .......... .......... .......... .......... 34%  251M 1s
 11500K .......... .......... .......... .......... .......... 34%  240M 1s
 11550K .......... .......... .......... .......... .......... 34%  210M 1s
 11600K .......... .......... .......... .......... .......... 34%  223M 1s
 11650K .......... .......... .......... .......... .......... 34%  220M 1s
 11700K .......... .......... .......... .......... .......... 35%  247M 1s
 11750K .......... .......... .......... .......... .......... 35%  243M 1s
 11800K .......... .......... .......... .......... .......... 35%  186M 1s
 11850K .......... .......... .......... .......... .......... 35%  252M 1s
 11900K .......... .......... .......... .......... .......... 35%  199M 1s
 11950K .......... .......... .......... .......... .......... 35%  222M 1s
 12000K .......... .......... .......... .......... .......... 35%  212M 1s
 12050K .......... .......... .......... .......... .......... 36%  170M 1s
 12100K .......... .......... .......... .......... .......... 36%  242M 1s
 12150K .......... .......... .......... .......... .......... 36%  229M 1s
 12200K .......... .......... .......... .......... .......... 36%  194M 1s
 12250K .......... .......... .......... .......... .......... 36%  170M 1s
 12300K .......... .......... .......... .......... .......... 36%  196M 1s
 12350K .......... .......... .......... .......... .......... 37%  197M 1s
 12400K .......... .......... .......... .......... .......... 37%  140M 1s
 12450K .......... .......... .......... .......... .......... 37% 2.19M 1s
 12500K .......... .......... .......... .......... .......... 37%  151M 1s
 12550K .......... .......... .......... .......... .......... 37% 75.6M 1s
 12600K .......... .......... .......... .......... .......... 37%  186M 1s
 12650K .......... .......... .......... .......... .......... 37%  130M 1s
 12700K .......... .......... .......... .......... .......... 38%  120M 1s
 12750K .......... .......... .......... .......... .......... 38%  119M 1s
 12800K .......... .......... .......... .......... .......... 38%  134M 1s
 12850K .......... .......... .......... .......... .......... 38%  153M 1s
 12900K .......... .......... .......... .......... .......... 38%  229M 1s
 12950K .......... .......... .......... .......... .......... 38%  250M 1s
 13000K .......... .......... .......... .......... .......... 38%  234M 1s
 13050K .......... .......... .......... .......... .......... 39%  259M 1s
 13100K .......... .......... .......... .......... .......... 39%  220M 1s
 13150K .......... .......... .......... .......... .......... 39%  257M 1s
 13200K .......... .......... .......... .......... .......... 39%  245M 1s
 13250K .......... .......... .......... .......... .......... 39%  216M 1s
 13300K .......... .......... .......... .......... .......... 39%  254M 1s
 13350K .......... .......... .......... .......... .......... 40%  241M 1s
 13400K .......... .......... .......... .......... .......... 40%  243M 1s
 13450K .......... .......... .......... .......... .......... 40%  212M 1s
 13500K .......... .......... .......... .......... .......... 40%  233M 1s
 13550K .......... .......... .......... .......... .......... 40%  248M 1s
 13600K .......... .......... .......... .......... .......... 40%  239M 1s
 13650K .......... .......... .......... .......... .......... 40%  209M 1s
 13700K .......... .......... .......... .......... .......... 41%  258M 1s
 13750K .......... .......... .......... .......... .......... 41%  233M 1s
 13800K .......... .......... .......... .......... .......... 41%  212M 1s
 13850K .......... .......... .......... .......... .......... 41%  270M 1s
 13900K .......... .......... .......... .......... .......... 41%  201M 1s
 13950K .......... .......... .......... .......... .......... 41%  238M 1s
 14000K .......... .......... .......... .......... .......... 41%  248M 1s
 14050K .......... .......... .......... .......... .......... 42%  221M 1s
 14100K .......... .......... .......... .......... .......... 42%  239M 1s
 14150K .......... .......... .......... .......... .......... 42%  236M 1s
 14200K .......... .......... .......... .......... .......... 42%  179M 1s
 14250K .......... .......... .......... .......... .......... 42%  233M 1s
 14300K .......... .......... .......... .......... .......... 42%  225M 1s
 14350K .......... .......... .......... .......... .......... 43%  205M 1s
 14400K .......... .......... .......... .......... .......... 43%  165M 1s
 14450K .......... .......... .......... .......... .......... 43%  162M 1s
 14500K .......... .......... .......... .......... .......... 43%  218M 0s
 14550K .......... .......... .......... .......... .......... 43%  219M 0s
 14600K .......... .......... .......... .......... .......... 43%  207M 0s
 14650K .......... .......... .......... .......... .......... 43%  186M 0s
 14700K .......... .......... .......... .......... .......... 44% 2.53M 1s
 14750K .......... .......... .......... .......... .......... 44% 17.9M 1s
 14800K .......... .......... .......... .......... .......... 44% 65.9M 1s
 14850K .......... .......... .......... .......... .......... 44%  123M 1s
 14900K .......... .......... .......... .......... .......... 44%  200M 1s
 14950K .......... .......... .......... .......... .......... 44%  176M 1s
 15000K .......... .......... .......... .......... .......... 44%  244M 0s
 15050K .......... .......... .......... .......... .......... 45%  259M 0s
 15100K .......... .......... .......... .......... .......... 45%  209M 0s
 15150K .......... .......... .......... .......... .......... 45%  225M 0s
 15200K .......... .......... .......... .......... .......... 45%  196M 0s
 15250K .......... .......... .......... .......... .......... 45%  174M 0s
 15300K .......... .......... .......... .......... .......... 45%  227M 0s
 15350K .......... .......... .......... .......... .......... 45%  220M 0s
 15400K .......... .......... .......... .......... .......... 46%  239M 0s
 15450K .......... .......... .......... .......... .......... 46%  257M 0s
 15500K .......... .......... .......... .......... .......... 46%  209M 0s
 15550K .......... .......... .......... .......... .......... 46%  268M 0s
 15600K .......... .......... .......... .......... .......... 46%  248M 0s
 15650K .......... .......... .......... .......... .......... 46%  209M 0s
 15700K .......... .......... .......... .......... .......... 47%  250M 0s
 15750K .......... .......... .......... .......... .......... 47%  244M 0s
 15800K .......... .......... .......... .......... .......... 47%  207M 0s
 15850K .......... .......... .......... .......... .......... 47%  243M 0s
 15900K .......... .......... .......... .......... .......... 47%  211M 0s
 15950K .......... .......... .......... .......... .......... 47%  245M 0s
 16000K .......... .......... .......... .......... .......... 47%  264M 0s
 16050K .......... .......... .......... .......... .......... 48%  190M 0s
 16100K .......... .......... .......... .......... .......... 48%  253M 0s
 16150K .......... .......... .......... .......... .......... 48%  229M 0s
 16200K .......... .......... .......... .......... .......... 48%  223M 0s
 16250K .......... .......... .......... .......... .......... 48%  242M 0s
 16300K .......... .......... .......... .......... .......... 48%  250M 0s
 16350K .......... .......... .......... .......... .......... 48%  234M 0s
 16400K .......... .......... .......... .......... .......... 49%  197M 0s
 16450K .......... .......... .......... .......... .......... 49%  249M 0s
 16500K .......... .......... .......... .......... .......... 49% 2.70M 0s
 16550K .......... .......... .......... .......... .......... 49% 36.7M 0s
 16600K .......... .......... .......... .......... .......... 49%  210M 0s
 16650K .......... .......... .......... .......... .......... 49%  164M 0s
 16700K .......... .......... .......... .......... .......... 50%  191M 0s
 16750K .......... .......... .......... .......... .......... 50%  171M 0s
 16800K .......... .......... .......... .......... .......... 50%  129M 0s
 16850K .......... .......... .......... .......... .......... 50% 30.9M 0s
 16900K .......... .......... .......... .......... .......... 50% 44.0M 0s
 16950K .......... .......... .......... .......... .......... 50% 41.1M 0s
 17000K .......... .......... .......... .......... .......... 50% 46.8M 0s
 17050K .......... .......... .......... .......... .......... 51%  154M 0s
 17100K .......... .......... .......... .......... .......... 51%  152M 0s
 17150K .......... .......... .......... .......... .......... 51%  180M 0s
 17200K .......... .......... .......... .......... .......... 51%  181M 0s
 17250K .......... .......... .......... .......... .......... 51%  206M 0s
 17300K .......... .......... .......... .......... .......... 51%  191M 0s
 17350K .......... .......... .......... .......... .......... 51%  208M 0s
 17400K .......... .......... .......... .......... .......... 52%  237M 0s
 17450K .......... .......... .......... .......... .......... 52%  199M 0s
 17500K .......... .......... .......... .......... .......... 52%  222M 0s
 17550K .......... .......... .......... .......... .......... 52%  173M 0s
 17600K .......... .......... .......... .......... .......... 52%  224M 0s
 17650K .......... .......... .......... .......... .......... 52%  224M 0s
 17700K .......... .......... .......... .......... .......... 53%  181M 0s
 17750K .......... .......... .......... .......... .......... 53%  215M 0s
 17800K .......... .......... .......... .......... .......... 53%  220M 0s
 17850K .......... .......... .......... .......... .......... 53%  243M 0s
 17900K .......... .......... .......... .......... .......... 53%  215M 0s
 17950K .......... .......... .......... .......... .......... 53%  260M 0s
 18000K .......... .......... .......... .......... .......... 53%  239M 0s
 18050K .......... .......... .......... .......... .......... 54%  211M 0s
 18100K .......... .......... .......... .......... .......... 54%  265M 0s
 18150K .......... .......... .......... .......... .......... 54%  244M 0s
 18200K .......... .......... .......... .......... .......... 54%  265M 0s
 18250K .......... .......... .......... .......... .......... 54%  201M 0s
 18300K .......... .......... .......... .......... .......... 54%  258M 0s
 18350K .......... .......... .......... .......... .......... 54%  228M 0s
 18400K .......... .......... .......... .......... .......... 55%  252M 0s
 18450K .......... .......... .......... .......... .......... 55% 2.93M 0s
 18500K .......... .......... .......... .......... .......... 55%  105M 0s
 18550K .......... .......... .......... .......... .......... 55% 80.8M 0s
 18600K .......... .......... .......... .......... .......... 55%  122M 0s
 18650K .......... .......... .......... .......... .......... 55%  208M 0s
 18700K .......... .......... .......... .......... .......... 56%  250M 0s
 18750K .......... .......... .......... .......... .......... 56%  211M 0s
 18800K .......... .......... .......... .......... .......... 56%  179M 0s
 18850K .......... .......... .......... .......... .......... 56%  221M 0s
 18900K .......... .......... .......... .......... .......... 56%  220M 0s
 18950K .......... .......... .......... .......... .......... 56%  238M 0s
 19000K .......... .......... .......... .......... .......... 56%  192M 0s
 19050K .......... .......... .......... .......... .......... 57%  231M 0s
 19100K .......... .......... .......... .......... .......... 57%  164M 0s
 19150K .......... .......... .......... .......... .......... 57%  143M 0s
 19200K .......... .......... .......... .......... .......... 57%  208M 0s
 19250K .......... .......... .......... .......... .......... 57%  128M 0s
 19300K .......... .......... .......... .......... .......... 57%  168M 0s
 19350K .......... .......... .......... .......... .......... 57%  195M 0s
 19400K .......... .......... .......... .......... .......... 58% 95.9M 0s
 19450K .......... .......... .......... .......... .......... 58%  121M 0s
 19500K .......... .......... .......... .......... .......... 58% 48.3M 0s
 19550K .......... .......... .......... .......... .......... 58% 62.9M 0s
 19600K .......... .......... .......... .......... .......... 58%  128M 0s
 19650K .......... .......... .......... .......... .......... 58% 92.9M 0s
 19700K .......... .......... .......... .......... .......... 58% 44.3M 0s
 19750K .......... .......... .......... .......... .......... 59% 61.1M 0s
 19800K .......... .......... .......... .......... .......... 59%  139M 0s
 19850K .......... .......... .......... .......... .......... 59%  139M 0s
 19900K .......... .......... .......... .......... .......... 59%  134M 0s
 19950K .......... .......... .......... .......... .......... 59%  156M 0s
 20000K .......... .......... .......... .......... .......... 59%  161M 0s
 20050K .......... .......... .......... .......... .......... 60%  152M 0s
 20100K .......... .......... .......... .......... .......... 60%  143M 0s
 20150K .......... .......... .......... .......... .......... 60%  201M 0s
 20200K .......... .......... .......... .......... .......... 60%  200M 0s
 20250K .......... .......... .......... .......... .......... 60%  207M 0s
 20300K .......... .......... .......... .......... .......... 60%  273M 0s
 20350K .......... .......... .......... .......... .......... 60%  249M 0s
 20400K .......... .......... .......... .......... .......... 61%  255M 0s
 20450K .......... .......... .......... .......... .......... 61%  202M 0s
 20500K .......... .......... .......... .......... .......... 61% 2.91M 0s
 20550K .......... .......... .......... .......... .......... 61%  158M 0s
 20600K .......... .......... .......... .......... .......... 61%  116M 0s
 20650K .......... .......... .......... .......... .......... 61%  169M 0s
 20700K .......... .......... .......... .......... .......... 61%  237M 0s
 20750K .......... .......... .......... .......... .......... 62%  158M 0s
 20800K .......... .......... .......... .......... .......... 62%  183M 0s
 20850K .......... .......... .......... .......... .......... 62%  253M 0s
 20900K .......... .......... .......... .......... .......... 62%  211M 0s
 20950K .......... .......... .......... .......... .......... 62%  246M 0s
 21000K .......... .......... .......... .......... .......... 62%  224M 0s
 21050K .......... .......... .......... .......... .......... 63%  236M 0s
 21100K .......... .......... .......... .......... .......... 63%  142M 0s
 21150K .......... .......... .......... .......... .......... 63%  139M 0s
 21200K .......... .......... .......... .......... .......... 63%  213M 0s
 21250K .......... .......... .......... .......... .......... 63%  146M 0s
 21300K .......... .......... .......... .......... .......... 63%  240M 0s
 21350K .......... .......... .......... .......... .......... 63%  189M 0s
 21400K .......... .......... .......... .......... .......... 64%  150M 0s
 21450K .......... .......... .......... .......... .......... 64%  172M 0s
 21500K .......... .......... .......... .......... .......... 64%  202M 0s
 21550K .......... .......... .......... .......... .......... 64%  212M 0s
 21600K .......... .......... .......... .......... .......... 64%  188M 0s
 21650K .......... .......... .......... .......... .......... 64%  174M 0s
 21700K .......... .......... .......... .......... .......... 64%  208M 0s
 21750K .......... .......... .......... .......... .......... 65%  217M 0s
 21800K .......... .......... .......... .......... .......... 65%  217M 0s
 21850K .......... .......... .......... .......... .......... 65%  168M 0s
 21900K .......... .......... .......... .......... .......... 65%  214M 0s
 21950K .......... .......... .......... .......... .......... 65%  210M 0s
 22000K .......... .......... .......... .......... .......... 65%  165M 0s
 22050K .......... .......... .......... .......... .......... 66%  171M 0s
 22100K .......... .......... .......... .......... .......... 66%  175M 0s
 22150K .......... .......... .......... .......... .......... 66%  112M 0s
 22200K .......... .......... .......... .......... .......... 66%  172M 0s
 22250K .......... .......... .......... .......... .......... 66% 43.3M 0s
 22300K .......... .......... .......... .......... .......... 66% 40.7M 0s
 22350K .......... .......... .......... .......... .......... 66% 61.6M 0s
 22400K .......... .......... .......... .......... .......... 67% 49.3M 0s
 22450K .......... .......... .......... .......... .......... 67% 64.7M 0s
 22500K .......... .......... .......... .......... .......... 67% 91.1M 0s
 22550K .......... .......... .......... .......... .......... 67% 96.7M 0s
 22600K .......... .......... .......... .......... .......... 67%  225M 0s
 22650K .......... .......... .......... .......... .......... 67%  238M 0s
 22700K .......... .......... .......... .......... .......... 67%  199M 0s
 22750K .......... .......... .......... .......... .......... 68%  233M 0s
 22800K .......... .......... .......... .......... .......... 68% 3.13M 0s
 22850K .......... .......... .......... .......... .......... 68%  125M 0s
 22900K .......... .......... .......... .......... .......... 68%  204M 0s
 22950K .......... .......... .......... .......... .......... 68%  228M 0s
 23000K .......... .......... .......... .......... .......... 68%  206M 0s
 23050K .......... .......... .......... .......... .......... 68%  215M 0s
 23100K .......... .......... .......... .......... .......... 69%  208M 0s
 23150K .......... .......... .......... .......... .......... 69%  217M 0s
 23200K .......... .......... .......... .......... .......... 69%  206M 0s
 23250K .......... .......... .......... .......... .......... 69%  192M 0s
 23300K .......... .......... .......... .......... .......... 69%  157M 0s
 23350K .......... .......... .......... .......... .......... 69%  221M 0s
 23400K .......... .......... .......... .......... .......... 70%  181M 0s
 23450K .......... .......... .......... .......... .......... 70%  214M 0s
 23500K .......... .......... .......... .......... .......... 70%  198M 0s
 23550K .......... .......... .......... .......... .......... 70%  240M 0s
 23600K .......... .......... .......... .......... .......... 70%  189M 0s
 23650K .......... .......... .......... .......... .......... 70%  210M 0s
 23700K .......... .......... .......... .......... .......... 70%  219M 0s
 23750K .......... .......... .......... .......... .......... 71%  199M 0s
 23800K .......... .......... .......... .......... .......... 71%  193M 0s
 23850K .......... .......... .......... .......... .......... 71%  238M 0s
 23900K .......... .......... .......... .......... .......... 71%  183M 0s
 23950K .......... .......... .......... .......... .......... 71%  196M 0s
 24000K .......... .......... .......... .......... .......... 71%  218M 0s
 24050K .......... .......... .......... .......... .......... 71%  201M 0s
 24100K .......... .......... .......... .......... .......... 72%  225M 0s
 24150K .......... .......... .......... .......... .......... 72%  166M 0s
 24200K .......... .......... .......... .......... .......... 72%  227M 0s
 24250K .......... .......... .......... .......... .......... 72%  230M 0s
 24300K .......... .......... .......... .......... .......... 72%  175M 0s
 24350K .......... .......... .......... .......... .......... 72%  193M 0s
 24400K .......... .......... .......... .......... .......... 73%  199M 0s
 24450K .......... .......... .......... .......... .......... 73%  185M 0s
 24500K .......... .......... .......... .......... .......... 73%  163M 0s
 24550K .......... .......... .......... .......... .......... 73%  197M 0s
 24600K .......... .......... .......... .......... .......... 73%  155M 0s
 24650K .......... .......... .......... .......... .......... 73%  165M 0s
 24700K .......... .......... .......... .......... .......... 73%  150M 0s
 24750K .......... .......... .......... .......... .......... 74%  177M 0s
 24800K .......... .......... .......... .......... .......... 74%  184M 0s
 24850K .......... .......... .......... .......... .......... 74%  101M 0s
 24900K .......... .......... .......... .......... .......... 74%  177M 0s
 24950K .......... .......... .......... .......... .......... 74% 2.58M 0s
 25000K .......... .......... .......... .......... .......... 74% 93.7M 0s
 25050K .......... .......... .......... .......... .......... 74%  154M 0s
 25100K .......... .......... .......... .......... .......... 75%  148M 0s
 25150K .......... .......... .......... .......... .......... 75%  157M 0s
 25200K .......... .......... .......... .......... .......... 75%  143M 0s
 25250K .......... .......... .......... .......... .......... 75%  182M 0s
 25300K .......... .......... .......... .......... .......... 75%  150M 0s
 25350K .......... .......... .......... .......... .......... 75%  151M 0s
 25400K .......... .......... .......... .......... .......... 76%  184M 0s
 25450K .......... .......... .......... .......... .......... 76%  181M 0s
 25500K .......... .......... .......... .......... .......... 76%  231M 0s
 25550K .......... .......... .......... .......... .......... 76%  188M 0s
 25600K .......... .......... .......... .......... .......... 76%  235M 0s
 25650K .......... .......... .......... .......... .......... 76%  205M 0s
 25700K .......... .......... .......... .......... .......... 76%  235M 0s
 25750K .......... .......... .......... .......... .......... 77%  250M 0s
 25800K .......... .......... .......... .......... .......... 77%  202M 0s
 25850K .......... .......... .......... .......... .......... 77%  212M 0s
 25900K .......... .......... .......... .......... .......... 77%  195M 0s
 25950K .......... .......... .......... .......... .......... 77%  238M 0s
 26000K .......... .......... .......... .......... .......... 77%  234M 0s
 26050K .......... .......... .......... .......... .......... 77%  202M 0s
 26100K .......... .......... .......... .......... .......... 78%  208M 0s
 26150K .......... .......... .......... .......... .......... 78%  156M 0s
 26200K .......... .......... .......... .......... .......... 78%  200M 0s
 26250K .......... .......... .......... .......... .......... 78%  200M 0s
 26300K .......... .......... .......... .......... .......... 78%  160M 0s
 26350K .......... .......... .......... .......... .......... 78%  169M 0s
 26400K .......... .......... .......... .......... .......... 79%  158M 0s
 26450K .......... .......... .......... .......... .......... 79%  187M 0s
 26500K .......... .......... .......... .......... .......... 79%  163M 0s
 26550K .......... .......... .......... .......... .......... 79%  170M 0s
 26600K .......... .......... .......... .......... .......... 79%  199M 0s
 26650K .......... .......... .......... .......... .......... 79%  182M 0s
 26700K .......... .......... .......... .......... .......... 79%  171M 0s
 26750K .......... .......... .......... .......... .......... 80%  120M 0s
 26800K .......... .......... .......... .......... .......... 80%  171M 0s
 26850K .......... .......... .......... .......... .......... 80%  145M 0s
 26900K .......... .......... .......... .......... .......... 80%  151M 0s
 26950K .......... .......... .......... .......... .......... 80%  156M 0s
 27000K .......... .......... .......... .......... .......... 80%  146M 0s
 27050K .......... .......... .......... .......... .......... 80%  139M 0s
 27100K .......... .......... .......... .......... .......... 81%  207M 0s
 27150K .......... .......... .......... .......... .......... 81% 2.52M 0s
 27200K .......... .......... .......... .......... .......... 81% 84.7M 0s
 27250K .......... .......... .......... .......... .......... 81%  132M 0s
 27300K .......... .......... .......... .......... .......... 81%  110M 0s
 27350K .......... .......... .......... .......... .......... 81%  105M 0s
 27400K .......... .......... .......... .......... .......... 81%  118M 0s
 27450K .......... .......... .......... .......... .......... 82%  128M 0s
 27500K .......... .......... .......... .......... .......... 82%  159M 0s
 27550K .......... .......... .......... .......... .......... 82%  182M 0s
 27600K .......... .......... .......... .......... .......... 82%  175M 0s
 27650K .......... .......... .......... .......... .......... 82%  142M 0s
 27700K .......... .......... .......... .......... .......... 82%  179M 0s
 27750K .......... .......... .......... .......... .......... 83%  161M 0s
 27800K .......... .......... .......... .......... .......... 83%  202M 0s
 27850K .......... .......... .......... .......... .......... 83%  179M 0s
 27900K .......... .......... .......... .......... .......... 83%  239M 0s
 27950K .......... .......... .......... .......... .......... 83%  187M 0s
 28000K .......... .......... .......... .......... .......... 83%  166M 0s
 28050K .......... .......... .......... .......... .......... 83%  188M 0s
 28100K .......... .......... .......... .......... .......... 84%  182M 0s
 28150K .......... .......... .......... .......... .......... 84%  155M 0s
 28200K .......... .......... .......... .......... .......... 84%  195M 0s
 28250K .......... .......... .......... .......... .......... 84%  192M 0s
 28300K .......... .......... .......... .......... .......... 84%  145M 0s
 28350K .......... .......... .......... .......... .......... 84%  184M 0s
 28400K .......... .......... .......... .......... .......... 84%  202M 0s
 28450K .......... .......... .......... .......... .......... 85%  152M 0s
 28500K .......... .......... .......... .......... .......... 85%  197M 0s
 28550K .......... .......... .......... .......... .......... 85%  206M 0s
 28600K .......... .......... .......... .......... .......... 85%  179M 0s
 28650K .......... .......... .......... .......... .......... 85%  141M 0s
 28700K .......... .......... .......... .......... .......... 85%  189M 0s
 28750K .......... .......... .......... .......... .......... 86%  190M 0s
 28800K .......... .......... .......... .......... .......... 86%  175M 0s
 28850K .......... .......... .......... .......... .......... 86%  174M 0s
 28900K .......... .......... .......... .......... .......... 86%  198M 0s
 28950K .......... .......... .......... .......... .......... 86%  163M 0s
 29000K .......... .......... .......... .......... .......... 86%  161M 0s
 29050K .......... .......... .......... .......... .......... 86%  199M 0s
 29100K .......... .......... .......... .......... .......... 87%  191M 0s
 29150K .......... .......... .......... .......... .......... 87%  154M 0s
 29200K .......... .......... .......... .......... .......... 87%  150M 0s
 29250K .......... .......... .......... .......... .......... 87%  159M 0s
 29300K .......... .......... .......... .......... .......... 87%  148M 0s
 29350K .......... .......... .......... .......... .......... 87%  121M 0s
 29400K .......... .......... .......... .......... .......... 87% 2.74M 0s
 29450K .......... .......... .......... .......... .......... 88% 94.8M 0s
 29500K .......... .......... .......... .......... .......... 88% 92.9M 0s
 29550K .......... .......... .......... .......... .......... 88%  149M 0s
 29600K .......... .......... .......... .......... .......... 88%  117M 0s
 29650K .......... .......... .......... .......... .......... 88%  150M 0s
 29700K .......... .......... .......... .......... .......... 88%  120M 0s
 29750K .......... .......... .......... .......... .......... 89%  141M 0s
 29800K .......... .......... .......... .......... .......... 89%  145M 0s
 29850K .......... .......... .......... .......... .......... 89%  139M 0s
 29900K .......... .......... .......... .......... .......... 89%  120M 0s
 29950K .......... .......... .......... .......... .......... 89%  167M 0s
 30000K .......... .......... .......... .......... .......... 89%  161M 0s
 30050K .......... .......... .......... .......... .......... 89%  179M 0s
 30100K .......... .......... .......... .......... .......... 90%  149M 0s
 30150K .......... .......... .......... .......... .......... 90%  179M 0s
 30200K .......... .......... .......... .......... .......... 90%  181M 0s
 30250K .......... .......... .......... .......... .......... 90%  167M 0s
 30300K .......... .......... .......... .......... .......... 90%  162M 0s
 30350K .......... .......... .......... .......... .......... 90%  188M 0s
 30400K .......... .......... .......... .......... .......... 90%  191M 0s
 30450K .......... .......... .......... .......... .......... 91%  174M 0s
 30500K .......... .......... .......... .......... .......... 91%  229M 0s
 30550K .......... .......... .......... .......... .......... 91%  201M 0s
 30600K .......... .......... .......... .......... .......... 91%  186M 0s
 30650K .......... .......... .......... .......... .......... 91%  144M 0s
 30700K .......... .......... .......... .......... .......... 91%  187M 0s
 30750K .......... .......... .......... .......... .......... 91%  201M 0s
 30800K .......... .......... .......... .......... .......... 92%  194M 0s
 30850K .......... .......... .......... .......... .......... 92%  135M 0s
 30900K .......... .......... .......... .......... .......... 92%  152M 0s
 30950K .......... .......... .......... .......... .......... 92%  187M 0s
 31000K .......... .......... .......... .......... .......... 92%  172M 0s
 31050K .......... .......... .......... .......... .......... 92%  218M 0s
 31100K .......... .......... .......... .......... .......... 93%  207M 0s
 31150K .......... .......... .......... .......... .......... 93%  226M 0s
 31200K .......... .......... .......... .......... .......... 93%  178M 0s
 31250K .......... .......... .......... .......... .......... 93%  204M 0s
 31300K .......... .......... .......... .......... .......... 93%  167M 0s
 31350K .......... .......... .......... .......... .......... 93%  185M 0s
 31400K .......... .......... .......... .......... .......... 93% 2.66M 0s
 31450K .......... .......... .......... .......... .......... 94% 94.9M 0s
 31500K .......... .......... .......... .......... .......... 94%  102M 0s
 31550K .......... .......... .......... .......... .......... 94%  121M 0s
 31600K .......... .......... .......... .......... .......... 94%  112M 0s
 31650K .......... .......... .......... .......... .......... 94%  124M 0s
 31700K .......... .......... .......... .......... .......... 94%  155M 0s
 31750K .......... .......... .......... .......... .......... 94%  123M 0s
 31800K .......... .......... .......... .......... .......... 95%  130M 0s
 31850K .......... .......... .......... .......... .......... 95%  145M 0s
 31900K .......... .......... .......... .......... .......... 95%  150M 0s
 31950K .......... .......... .......... .......... .......... 95%  135M 0s
 32000K .......... .......... .......... .......... .......... 95%  119M 0s
 32050K .......... .......... .......... .......... .......... 95%  125M 0s
 32100K .......... .......... .......... .......... .......... 96%  145M 0s
 32150K .......... .......... .......... .......... .......... 96%  128M 0s
 32200K .......... .......... .......... .......... .......... 96%  150M 0s
 32250K .......... .......... .......... .......... .......... 96%  135M 0s
 32300K .......... .......... .......... .......... .......... 96%  156M 0s
 32350K .......... .......... .......... .......... .......... 96%  133M 0s
 32400K .......... .......... .......... .......... .......... 96%  132M 0s
 32450K .......... .......... .......... .......... .......... 97%  157M 0s
 32500K .......... .......... .......... .......... .......... 97%  165M 0s
 32550K .......... .......... .......... .......... .......... 97%  172M 0s
 32600K .......... .......... .......... .......... .......... 97%  153M 0s
 32650K .......... .......... .......... .......... .......... 97%  155M 0s
 32700K .......... .......... .......... .......... .......... 97%  180M 0s
 32750K .......... .......... .......... .......... .......... 97%  180M 0s
 32800K .......... .......... .......... .......... .......... 98%  182M 0s
 32850K .......... .......... .......... .......... .......... 98%  203M 0s
 32900K .......... .......... .......... .......... .......... 98%  210M 0s
 32950K .......... .......... .......... .......... .......... 98%  182M 0s
 33000K .......... .......... .......... .......... .......... 98%  189M 0s
 33050K .......... .......... .......... .......... .......... 98%  185M 0s
 33100K .......... .......... .......... .......... .......... 99%  174M 0s
 33150K .......... .......... .......... .......... .......... 99%  181M 0s
 33200K .......... .......... .......... .......... .......... 99%  184M 0s
 33250K .......... .......... .......... .......... .......... 99%  172M 0s
 33300K .......... .......... .......... .......... .......... 99%  188M 0s
 33350K .......... .......... .......... .......... .......... 99%  193M 0s
 33400K .......... .......... .......... .......... .......... 99%  181M 0s
 33450K .......... .......... ........                        100%  263M=0.7s

2024-01-09 20:16:14 (49.4 MB/s) - 'my_output/asdc.larc.nasa.gov/data/DSCOVR/EPIC/L2_VESDR_02/2016/08/DSCOVR_EPIC_L2_VESDR_02_20160823152458_03.h5' saved [34281937/34281937]

FINISHED --2024-01-09 20:16:14--
Total wall clock time: 2.8s
Downloaded: 1 files, 33M in 0.7s (49.4 MB/s)
/var/lib/condor/execute/slot1/dir_2024081/dscovr2/lib/python3.12/site-packages/h5py/__init__.py:36: UserWarning: h5py is running against HDF5 1.14.3 when it was built against 1.14.2, this may cause problems
  _warn(("h5py is running against HDF5 {0} when it was built against {1}, "
/var/lib/condor/execute/slot1/dir_2024081/dscovr2/lib/python3.12/zoneinfo/_tzpath.py:44: InvalidTZPathWarning: Invalid paths specified in PYTHONTZPATH environment variable. Paths should be absolute but found the following relative paths:
    $ENVDIR/share/zoneinfo
    $ENVDIR/share/tzinfo
  warnings.warn(
